2025-10-02 21:36:16,619 [INFO] Logger initialized.
2025-10-02 21:38:29,147 [INFO] 设置已更新: {'template_excel_path': 'C:/Users/30305/Desktop/workspace/小红书文案转搞定模板/稿定设计-数据上传模板.xlsx', 'zip_output_dir': 'C:/Users/30305/Desktop/workspace/小红书文案转搞定模板/output', 'page_column': '页面', 'point_title_column': '文本_1', 'point_content_column': '文本_2', 'extra_text_column': '文本_3', 'extra_text_default': '内容仅供参考，身体不适请及时就医!'}
2025-10-02 21:39:18,916 [INFO] 开始处理文案
2025-10-02 21:39:18,920 [INFO] 解析标题: 中医推荐：3招低成本疏肝🔥, 分论点数: 6
2025-10-02 21:39:22,620 [INFO] 开始处理文案
2025-10-02 21:39:22,620 [INFO] 检测到已处理模板，执行去嵌套的重新排版。分论点数: 6
2025-10-02 21:39:32,607 [INFO] 处理模板解析出分论点: 6
2025-10-02 21:39:32,670 [INFO] 已生成Excel: C:/Users/30305/Desktop/workspace/小红书文案转搞定模板/output\中医推荐：3招低成本疏肝🔥.xlsx
2025-10-02 21:39:32,673 [INFO] 已生成ZIP: C:/Users/30305/Desktop/workspace/小红书文案转搞定模板/output\中医推荐：3招低成本疏肝🔥.zip
2025-10-02 21:39:32,691 [INFO] 已删除Excel，仅保留zip
2025-10-02 21:39:36,547 [INFO] 处理模板解析出分论点: 6
2025-10-02 21:39:36,603 [INFO] 已生成Excel: C:/Users/30305/Desktop/workspace/小红书文案转搞定模板/output\中医推荐：3招低成本疏肝🔥.xlsx
2025-10-02 21:39:36,606 [INFO] 已生成ZIP: C:/Users/30305/Desktop/workspace/小红书文案转搞定模板/output\中医推荐：3招低成本疏肝🔥.zip
2025-10-02 21:39:36,620 [INFO] 已删除Excel，仅保留zip
2025-10-02 21:39:39,960 [INFO] 开始处理文案
2025-10-02 21:39:39,960 [INFO] 检测到已处理模板，执行去嵌套的重新排版。分论点数: 6
2025-10-02 21:39:41,795 [INFO] 处理模板解析出分论点: 6
2025-10-02 21:39:41,850 [INFO] 已生成Excel: C:/Users/30305/Desktop/workspace/小红书文案转搞定模板/output\中医推荐：3招低成本疏肝🔥.xlsx
2025-10-02 21:39:41,853 [INFO] 已生成ZIP: C:/Users/30305/Desktop/workspace/小红书文案转搞定模板/output\中医推荐：3招低成本疏肝🔥.zip
2025-10-02 21:39:41,875 [INFO] 已删除Excel，仅保留zip
2025-10-02 21:39:44,099 [INFO] 开始处理文案
2025-10-02 21:39:44,100 [INFO] 检测到已处理模板，执行去嵌套的重新排版。分论点数: 6
2025-10-02 21:39:46,031 [INFO] 开始处理文案
2025-10-02 21:39:46,032 [INFO] 检测到已处理模板，执行去嵌套的重新排版。分论点数: 6
2025-10-02 21:39:48,219 [INFO] 处理模板解析出分论点: 6
2025-10-02 21:39:48,276 [INFO] 已生成Excel: C:/Users/30305/Desktop/workspace/小红书文案转搞定模板/output\中医推荐：3招低成本疏肝🔥.xlsx
2025-10-02 21:39:48,279 [INFO] 已生成ZIP: C:/Users/30305/Desktop/workspace/小红书文案转搞定模板/output\中医推荐：3招低成本疏肝🔥.zip
2025-10-02 21:39:48,303 [INFO] 已删除Excel，仅保留zip
2025-10-02 21:39:52,139 [INFO] 开始处理文案
2025-10-02 21:39:52,139 [INFO] 检测到已处理模板，执行去嵌套的重新排版。分论点数: 6
