2025-10-03 20:42:26,869 [INFO] Logger initialized.
2025-10-03 20:42:28,111 [INFO] [FeishuClient] 字段映射: status='笔记状态'->fldOSMyroo, content='去敏感词'->fldTnwIoHy, title='标题'->fld4E5tsck
2025-10-03 20:42:28,667 [INFO] [FeishuClient] 原始响应快照: C:\Users\30305\Desktop\workspace\小红书文案转搞定模板\logs\feishu_refresh_raw_response.json | 映射信息: C:\Users\30305\Desktop\workspace\小红书文案转搞定模板\logs\feishu_refresh_debug_meta.json | 请求快照: C:\Users\30305\Desktop\workspace\小红书文案转搞定模板\logs\feishu_refresh_search_payload.json
2025-10-03 20:51:34,028 [INFO] [FeishuClient] 字段映射: status='笔记状态'->fldOSMyroo, content='去敏感词'->fldTnwIoHy, title='标题'->fld4E5tsck
2025-10-03 20:51:34,567 [INFO] [FeishuClient] 原始响应快照: C:\Users\30305\Desktop\workspace\小红书文案转搞定模板\logs\feishu_refresh_raw_response.json | 映射信息: C:\Users\30305\Desktop\workspace\小红书文案转搞定模板\logs\feishu_refresh_debug_meta.json | 请求快照: C:\Users\30305\Desktop\workspace\小红书文案转搞定模板\logs\feishu_refresh_search_payload.json
2025-10-03 20:51:34,575 [INFO] [FeishuDialog] 刷新获取到 2 条记录
2025-10-03 20:51:49,477 [INFO] 开始处理文案
2025-10-03 20:51:49,479 [INFO] 解析标题: 首图标题：低成本养脾胃的6个方法！, 分论点数: 7
2025-10-03 20:53:55,430 [INFO] 设置已更新: {'template_excel_path': 'C:/Users/30305/Desktop/workspace/小红书文案转搞定模板/template/稿定设计-数据上传无图模板.xlsx', 'zip_output_dir': 'C:/Users/30305/Desktop/workspace/小红书文案转搞定模板/output', 'page_column': '页面', 'point_title_column': '文本_1', 'point_content_column': '文本_2', 'extra_text_column': '文本_3', 'extra_text_default': '内容仅供参考，身体不适请及时就医!', 'image_column': '图片_1'}
2025-10-03 20:54:04,072 [INFO] 处理模板解析出分论点: 7
2025-10-03 20:54:04,134 [INFO] 已生成Excel: C:/Users/30305/Desktop/workspace/小红书文案转搞定模板/output\首图标题：低成本养脾胃的6个方法！.xlsx
2025-10-03 20:54:04,138 [INFO] 已生成ZIP: C:/Users/30305/Desktop/workspace/小红书文案转搞定模板/output\首图标题：低成本养脾胃的6个方法！.zip
2025-10-03 20:54:04,146 [INFO] 已删除Excel，仅保留zip
2025-10-03 20:58:30,845 [INFO] [FeishuClient] 字段映射: status='笔记状态'->fldOSMyroo, content='去敏感词'->fldTnwIoHy, title='标题'->fld4E5tsck
2025-10-03 20:58:31,362 [INFO] [FeishuClient] 原始响应快照: C:\Users\30305\Desktop\workspace\小红书文案转搞定模板\logs\feishu_refresh_raw_response.json | 映射信息: C:\Users\30305\Desktop\workspace\小红书文案转搞定模板\logs\feishu_refresh_debug_meta.json | 请求快照: C:\Users\30305\Desktop\workspace\小红书文案转搞定模板\logs\feishu_refresh_search_payload.json
2025-10-03 20:58:31,370 [INFO] [FeishuDialog] 刷新获取到 2 条记录
2025-10-03 21:00:49,193 [INFO] [FeishuClient] 字段映射: status='笔记状态'->fldOSMyroo, content='去敏感词'->fldTnwIoHy, title='标题'->fld4E5tsck
2025-10-03 21:00:49,699 [INFO] [FeishuClient] 原始响应快照: C:\Users\30305\Desktop\workspace\小红书文案转搞定模板\logs\feishu_refresh_raw_response.json | 映射信息: C:\Users\30305\Desktop\workspace\小红书文案转搞定模板\logs\feishu_refresh_debug_meta.json | 请求快照: C:\Users\30305\Desktop\workspace\小红书文案转搞定模板\logs\feishu_refresh_search_payload.json
2025-10-03 21:00:49,707 [INFO] [FeishuDialog] 刷新获取到 2 条记录
2025-10-03 21:01:04,100 [INFO] [FeishuClient] 字段映射: status='笔记状态'->fldOSMyroo, content='去敏感词'->fldTnwIoHy, title='标题'->fld4E5tsck
2025-10-03 21:01:04,643 [INFO] [FeishuClient] 原始响应快照: C:\Users\30305\Desktop\workspace\小红书文案转搞定模板\logs\feishu_refresh_raw_response.json | 映射信息: C:\Users\30305\Desktop\workspace\小红书文案转搞定模板\logs\feishu_refresh_debug_meta.json | 请求快照: C:\Users\30305\Desktop\workspace\小红书文案转搞定模板\logs\feishu_refresh_search_payload.json
2025-10-03 21:01:04,650 [INFO] [FeishuDialog] 刷新获取到 2 条记录
2025-10-03 21:04:26,819 [INFO] [FeishuClient] 字段映射: status='笔记状态'->fldOSMyroo, content='去敏感词'->fldTnwIoHy, title='标题'->fld4E5tsck
2025-10-03 21:04:27,355 [INFO] [FeishuClient] 原始响应快照: C:\Users\30305\Desktop\workspace\小红书文案转搞定模板\logs\feishu_refresh_raw_response.json | 映射信息: C:\Users\30305\Desktop\workspace\小红书文案转搞定模板\logs\feishu_refresh_debug_meta.json | 请求快照: C:\Users\30305\Desktop\workspace\小红书文案转搞定模板\logs\feishu_refresh_search_payload.json
2025-10-03 21:04:27,363 [INFO] [FeishuDialog] 刷新获取到 2 条记录
2025-10-03 21:04:30,087 [INFO] [FeishuClient] 字段映射: status='笔记状态'->fldOSMyroo, content='去敏感词'->fldTnwIoHy, title='标题'->fld4E5tsck
2025-10-03 21:04:30,709 [INFO] [FeishuClient] 原始响应快照: C:\Users\30305\Desktop\workspace\小红书文案转搞定模板\logs\feishu_refresh_raw_response.json | 映射信息: C:\Users\30305\Desktop\workspace\小红书文案转搞定模板\logs\feishu_refresh_debug_meta.json | 请求快照: C:\Users\30305\Desktop\workspace\小红书文案转搞定模板\logs\feishu_refresh_search_payload.json
2025-10-03 21:04:30,716 [INFO] [FeishuDialog] 刷新获取到 2 条记录
